<?xml version="1.0" encoding="UTF-8" ?>
<testsuite errors="3" failures="1" hostname="beowulf" name="reservation.app.ReservationControllerSpec" tests="8" time="6.032" timestamp="2014-11-26T02:37:49">
  <properties />
  <testcase classname="reservation.app.ReservationControllerSpec" name="Test details returns correct rooms" time="2.91">
    <error type="java.lang.NullPointerException">java.lang.NullPointerException
	at reservation.app.ReservationController.$tt__details(ReservationController.groovy:25)
	at reservation.app.ReservationControllerSpec.Test details returns correct rooms(ReservationControllerSpec.groovy:24)
</error>
  </testcase>
  <testcase classname="reservation.app.ReservationControllerSpec" name="Test the index action returns the correct model" time="1.055" />
  <testcase classname="reservation.app.ReservationControllerSpec" name="Test the create action returns the correct model" time="0.276" />
  <testcase classname="reservation.app.ReservationControllerSpec" name="Test the save action correctly persists an instance" time="0.621">
    <error message="Cannot redirect for object [reservation.app.Reservation : (unsaved)] it is not a domain or has no identifier. Use an explicit redirect instead " type="org.codehaus.groovy.grails.web.servlet.mvc.exceptions.CannotRedirectException">org.codehaus.groovy.grails.web.servlet.mvc.exceptions.CannotRedirectException: Cannot redirect for object [reservation.app.Reservation : (unsaved)] it is not a domain or has no identifier. Use an explicit redirect instead 
	at reservation.app.ReservationController.tt__save_closure10_closure15(ReservationController.groovy:53)
	at reservation.app.ReservationController.$tt__save(ReservationController.groovy:50)
	at reservation.app.ReservationControllerSpec.Test the save action correctly persists an instance(ReservationControllerSpec.groovy:65)
</error>
  </testcase>
  <testcase classname="reservation.app.ReservationControllerSpec" name="Test that the show action returns the correct model" time="0.178" />
  <testcase classname="reservation.app.ReservationControllerSpec" name="Test that the edit action returns the correct model" time="0.176" />
  <testcase classname="reservation.app.ReservationControllerSpec" name="Test the update action performs an update on a valid domain instance" time="0.444">
    <error message="Cannot get property &apos;id&apos; on null object" type="java.lang.NullPointerException">java.lang.NullPointerException: Cannot get property &apos;id&apos; on null object
	at reservation.app.ReservationControllerSpec.Test the update action performs an update on a valid domain instance(ReservationControllerSpec.groovy:132)
</error>
  </testcase>
  <testcase classname="reservation.app.ReservationControllerSpec" name="Test that the delete action deletes an instance if it exists" time="0.328">
    <failure message="Condition not satisfied:&#xa;&#xa;Reservation.count() == 1&#xa;            |       |&#xa;            0       false&#xa;" type="junit.framework.AssertionFailedError">junit.framework.AssertionFailedError: Condition not satisfied:

Reservation.count() == 1
            |       |
            0       false

	at reservation.app.ReservationControllerSpec.Test that the delete action deletes an instance if it exists(ReservationControllerSpec.groovy:151)
</failure>
  </testcase>
  <system-out><![CDATA[--Output from Test details returns correct rooms--
--Output from Test the index action returns the correct model--
--Output from Test the create action returns the correct model--
--Output from Test the save action correctly persists an instance--
--Output from Test that the show action returns the correct model--
--Output from Test that the edit action returns the correct model--
--Output from Test the update action performs an update on a valid domain instance--
--Output from Test that the delete action deletes an instance if it exists--
]]></system-out>
  <system-err><![CDATA[--Output from Test details returns correct rooms--
--Output from Test the index action returns the correct model--
--Output from Test the create action returns the correct model--
--Output from Test the save action correctly persists an instance--
--Output from Test that the show action returns the correct model--
--Output from Test that the edit action returns the correct model--
--Output from Test the update action performs an update on a valid domain instance--
--Output from Test that the delete action deletes an instance if it exists--
]]></system-err>
</testsuite>
